<?xml version="1.0" encoding="UTF-8"?>
<!-- Generated by org.testng.reporters.JUnitReportReporter -->
<testsuite hostname="DESKTOP-QQJINFP" failures="0" tests="1" name="edit.EducacionIT_65093.Clase4Test" time="20.634" errors="0" timestamp="2023-09-27T20:33:31 ART" skipped="0">
  <testcase classname="edit.EducacionIT_65093.Clase4Test" name="registrarUsuario" time="20.634"/>
</testsuite> <!-- edit.EducacionIT_65093.Clase4Test -->
