<?xml version="1.0" encoding="UTF-8"?>
<!-- Generated by org.testng.reporters.JUnitReportReporter -->
<testsuite hostname="DESKTOP-QQJINFP" failures="0" tests="1" name="pruebas.Clase7Test" time="2.363" errors="0" timestamp="2023-10-04T21:36:09 ART" skipped="0">
  <testcase classname="pruebas.Clase7Test" name="buscarPalabra" time="2.363"/>
</testsuite> <!-- pruebas.Clase7Test -->
