<?xml version="1.0" encoding="UTF-8"?>
<!-- Generated by org.testng.reporters.JUnitReportReporter -->
<testsuite hostname="DESKTOP-QQJINFP" failures="0" tests="1" name="edit.EducacionIT_65093.ScrollScreenshotTest" time="49.768" errors="0" timestamp="2023-10-11T20:09:25 ART" skipped="0">
  <testcase classname="edit.EducacionIT_65093.ScrollScreenshotTest" name="scrollScreenshotTest" time="49.768"/>
</testsuite> <!-- edit.EducacionIT_65093.ScrollScreenshotTest -->
