<?xml version="1.0" encoding="UTF-8"?>
<!-- Generated by org.testng.reporters.JUnitReportReporter -->
<testsuite hostname="DESKTOP-QQJINFP" failures="0" tests="1" name="edit.EducacionIT_65093.Clase2Test" time="15.650" errors="0" timestamp="2023-09-27T21:04:55 ART" skipped="0">
  <testcase classname="edit.EducacionIT_65093.Clase2Test" name="buscarPalabraEdge" time="15.650"/>
</testsuite> <!-- edit.EducacionIT_65093.Clase2Test -->
