<?xml version="1.0" encoding="UTF-8"?>
<!-- Generated by org.testng.reporters.JUnitReportReporter -->
<testsuite hostname="DESKTOP-QQJINFP" failures="0" tests="1" name="edit.EducacionIT_65093.MobileEmulationTest" time="22.037" errors="0" timestamp="2023-10-11T20:29:24 ART" skipped="0">
  <testcase classname="edit.EducacionIT_65093.MobileEmulationTest" name="testMobileEmulation" time="22.037"/>
</testsuite> <!-- edit.EducacionIT_65093.MobileEmulationTest -->
