<?xml version="1.0" encoding="UTF-8"?>
<!-- Generated by org.testng.reporters.JUnitReportReporter -->
<testsuite hostname="DESKTOP-QQJINFP" failures="0" tests="1" name="edit.EducacionIT_65093.SampleOrange" time="14.384" errors="0" timestamp="2023-10-01T11:04:18 ART" skipped="0">
  <testcase classname="edit.EducacionIT_65093.SampleOrange" name="OpenHRM" time="14.384"/>
</testsuite> <!-- edit.EducacionIT_65093.SampleOrange -->
