<?xml version="1.0" encoding="UTF-8"?>
<!-- Generated by org.testng.reporters.JUnitReportReporter -->
<testsuite hostname="DESKTOP-QQJINFP" failures="0" tests="1" name="edit.EducacionIT_65093.Clase5Test" time="13.325" errors="0" timestamp="2023-10-04T20:30:35 ART" skipped="0">
  <testcase classname="edit.EducacionIT_65093.Clase5Test" name="irAContactanos" time="13.325"/>
</testsuite> <!-- edit.EducacionIT_65093.Clase5Test -->
